<?xml version="1.0" encoding="UTF-8"?>
<!-- Generated by org.testng.reporters.JUnitReportReporter -->
<testsuite hostname="DESKTOP-T6SC6MV" failures="0" tests="1" name="testscripts.FirstTest" time="5.762" errors="0" timestamp="2023-01-30T22:10:29 IST" skipped="0">
  <testcase classname="testscripts.FirstTest" name="firstTest" time="5.762"/>
  <system-out/>
</testsuite> <!-- testscripts.FirstTest -->
