<?xml version="1.0" encoding="UTF-8"?>
<!-- Generated by org.testng.reporters.JUnitReportReporter -->
<testsuite hostname="DESKTOP-T6SC6MV" failures="0" tests="1" name="testscripts.SecondTest" time="6.417" errors="0" timestamp="2023-01-30T01:15:32 IST" skipped="0">
  <testcase classname="testscripts.SecondTest" name="secondTest" time="6.417"/>
  <system-out/>
</testsuite> <!-- testscripts.SecondTest -->
