<?xml version="1.0" encoding="UTF-8"?>
<!-- Generated by org.testng.reporters.JUnitReportReporter -->
<testsuite hostname="DESKTOP-T6SC6MV" failures="0" tests="1" name="testscripts.FourthTest" time="8.872" errors="0" timestamp="2023-01-30T01:19:45 IST" skipped="0">
  <testcase classname="testscripts.FourthTest" name="fourthTest" time="8.872"/>
  <system-out/>
</testsuite> <!-- testscripts.FourthTest -->
